<?xml version="1.0" encoding="UTF-8"?>
<!-- Generated by org.testng.reporters.JUnitReportReporter -->
<testsuite skipped="0" hostname="Sumit-QA" name="ConvergHub_TestCases.NewLeadAddPageTest" tests="2" failures="0" timestamp="16 Jan 2021 05:57:53 GMT" time="58.881" errors="0">
  <testcase name="validateHeaderText" time="26.904" classname="ConvergHub_TestCases.NewLeadAddPageTest"/>
  <testcase name="IsUserAbleToFillGeneralData" time="31.977" classname="ConvergHub_TestCases.NewLeadAddPageTest"/>
</testsuite> <!-- ConvergHub_TestCases.NewLeadAddPageTest -->
