<?xml version="1.0" encoding="UTF-8"?>
<!-- Generated by org.testng.reporters.JUnitReportReporter -->
<testsuite skipped="0" hostname="Sumit-QA" name="ConvergHub_TestCases.NewLeadAddPageTest" tests="1" failures="0" timestamp="11 Jan 2021 18:14:17 GMT" time="23.291" errors="0">
  <testcase name="IsUserAbleToFillGeneralData" time="23.291" classname="ConvergHub_TestCases.NewLeadAddPageTest"/>
</testsuite> <!-- ConvergHub_TestCases.NewLeadAddPageTest -->
