<?xml version="1.0" encoding="UTF-8"?>
<!-- Generated by org.testng.reporters.JUnitReportReporter -->
<testsuite skipped="0" hostname="Sumit-QA" name="ConvergHub_TestCases.DashboardPageTest" tests="2" failures="0" timestamp="16 Jan 2021 05:52:24 GMT" time="45.452" errors="0">
  <testcase name="IsProperUserNameVisibleTest" time="21.485" classname="ConvergHub_TestCases.DashboardPageTest"/>
  <testcase name="IsLeadButtonWorkingTest" time="23.967" classname="ConvergHub_TestCases.DashboardPageTest"/>
</testsuite> <!-- ConvergHub_TestCases.DashboardPageTest -->
