<?xml version="1.0" encoding="UTF-8"?>
<!-- Generated by org.testng.reporters.JUnitReportReporter -->
<testsuite skipped="0" hostname="Sumit-QA" name="ConvergHub_TestCases.LoginPageTest" tests="2" failures="0" timestamp="12 Jan 2021 18:38:44 GMT" time="26.262" errors="0">
  <testcase name="IsLoginPageLogoVisibleTest" time="9.481" classname="ConvergHub_TestCases.LoginPageTest"/>
  <testcase name="IsLoginFunctionWorkingTest" time="16.781" classname="ConvergHub_TestCases.LoginPageTest"/>
</testsuite> <!-- ConvergHub_TestCases.LoginPageTest -->
