<?xml version="1.0" encoding="UTF-8"?>
<!-- Generated by org.testng.reporters.JUnitReportReporter -->
<testsuite skipped="0" hostname="Sumit-QA" name="ConvergHub_TestCases.NewLeadAddPageTest" tests="2" failures="0" timestamp="12 Jan 2021 18:41:37 GMT" time="46.379" errors="0">
  <testcase name="validateHeaderText" time="20.441" classname="ConvergHub_TestCases.NewLeadAddPageTest"/>
  <testcase name="IsUserAbleToFillGeneralData" time="25.938" classname="ConvergHub_TestCases.NewLeadAddPageTest"/>
</testsuite> <!-- ConvergHub_TestCases.NewLeadAddPageTest -->
