<?xml version="1.0" encoding="UTF-8"?>
<!-- Generated by org.testng.reporters.JUnitReportReporter -->
<testsuite skipped="0" hostname="Sumit-QA" name="ConvergHub_TestCases.LeadPageTest" tests="2" failures="0" timestamp="11 Jan 2021 17:29:25 GMT" time="48.916" errors="0">
  <testcase name="IsNewLeadAddButtonVisibleTest" time="27.214" classname="ConvergHub_TestCases.LeadPageTest"/>
  <testcase name="CheckAddNewLeadFunction" time="21.702" classname="ConvergHub_TestCases.LeadPageTest"/>
</testsuite> <!-- ConvergHub_TestCases.LeadPageTest -->
