<?xml version="1.0" encoding="UTF-8"?>
<!-- Generated by org.testng.reporters.JUnitReportReporter -->
<testsuite skipped="0" hostname="Sumit-QA" name="ConvergHub_TestCases.NewLeadAddPageTest" tests="1" failures="0" timestamp="17 Jan 2021 05:44:36 GMT" time="26.073" errors="0">
  <testcase name="IsUserAbleToFillGeneralData" time="26.073" classname="ConvergHub_TestCases.NewLeadAddPageTest"/>
</testsuite> <!-- ConvergHub_TestCases.NewLeadAddPageTest -->
