<?xml version="1.0" encoding="UTF-8"?>
<!-- Generated by org.testng.reporters.JUnitReportReporter -->
<testsuite skipped="0" hostname="Sumit-QA" name="ConvergHub_TestCases.NewLeadAddPageTest" tests="1" failures="0" timestamp="13 Jan 2021 05:25:41 GMT" time="21.809" errors="0">
  <testcase name="validateHeaderText" time="21.809" classname="ConvergHub_TestCases.NewLeadAddPageTest"/>
</testsuite> <!-- ConvergHub_TestCases.NewLeadAddPageTest -->
