<?xml version="1.0" encoding="UTF-8"?>
<!-- Generated by org.testng.reporters.JUnitReportReporter -->
<testsuite skipped="0" hostname="Sumit-QA" name="ConvergHub_TestCases.LeadPageTest" tests="1" failures="0" timestamp="13 Jan 2021 07:13:46 GMT" time="19.510" errors="0">
  <testcase name="IsNewLeadAddButtonVisibleTest" time="19.510" classname="ConvergHub_TestCases.LeadPageTest"/>
</testsuite> <!-- ConvergHub_TestCases.LeadPageTest -->
