<?xml version="1.0" encoding="UTF-8"?>
<!-- Generated by org.testng.reporters.JUnitReportReporter -->
<testsuite skipped="0" hostname="Sumit-QA" name="ConvergHub_TestCases.DashboardPageTest" tests="2" failures="0" timestamp="12 Jan 2021 18:38:44 GMT" time="41.810" errors="0">
  <testcase name="IsProperUserNameVisibleTest" time="23.088" classname="ConvergHub_TestCases.DashboardPageTest"/>
  <testcase name="IsLeadButtonWorkingTest" time="18.722" classname="ConvergHub_TestCases.DashboardPageTest"/>
</testsuite> <!-- ConvergHub_TestCases.DashboardPageTest -->
