<?xml version="1.0" encoding="UTF-8"?>
<!-- Generated by org.testng.reporters.JUnitReportReporter -->
<testsuite skipped="0" hostname="Sumit-QA" name="ConvergHub_TestCases.LoginPageTest" tests="2" failures="0" timestamp="11 Jan 2021 05:38:24 GMT" time="20.228" errors="0">
  <testcase name="LoginPageLogoTest" time="8.379" classname="ConvergHub_TestCases.LoginPageTest"/>
  <testcase name="LoginFunctionTest" time="11.849" classname="ConvergHub_TestCases.LoginPageTest"/>
</testsuite> <!-- ConvergHub_TestCases.LoginPageTest -->
