<?xml version="1.0" encoding="UTF-8"?>
<!-- Generated by org.testng.reporters.JUnitReportReporter -->
<testsuite skipped="0" hostname="Sumit-QA" name="ConvergHub_TestCases.LeadPageTest" tests="2" failures="0" timestamp="12 Jan 2021 06:20:32 GMT" time="44.475" errors="0">
  <testcase name="IsNewLeadAddButtonVisibleTest" time="22.666" classname="ConvergHub_TestCases.LeadPageTest"/>
  <testcase name="CheckAddNewLeadFunction" time="21.809" classname="ConvergHub_TestCases.LeadPageTest"/>
</testsuite> <!-- ConvergHub_TestCases.LeadPageTest -->
